<?xml version="1.0" encoding="UTF-8"?>
<testng-results ignored="0" total="1" passed="1" failed="0" skipped="0">
  <reporter-output>
  </reporter-output>
  <suite started-at="2023-07-07T10:33:00 IST" name="Default suite" finished-at="2023-07-07T10:33:52 IST" duration-ms="51907">
    <groups>
    </groups>
    <test started-at="2023-07-07T10:33:00 IST" name="Default test" finished-at="2023-07-07T10:33:52 IST" duration-ms="51907">
      <class name="p2.Testprgm2">
        <test-method is-config="true" signature="setup()[pri:0, instance:p2.Testprgm2@bae7dc0]" started-at="2023-07-07T10:33:00 IST" name="setup" finished-at="2023-07-07T10:33:21 IST" duration-ms="20620" status="PASS">
          <reporter-output>
          </reporter-output>
        </test-method> <!-- setup -->
        <test-method signature="testing()[pri:0, instance:p2.Testprgm2@bae7dc0]" started-at="2023-07-07T10:33:21 IST" name="testing" finished-at="2023-07-07T10:33:52 IST" duration-ms="31152" status="PASS">
          <reporter-output>
          </reporter-output>
        </test-method> <!-- testing -->
      </class> <!-- p2.Testprgm2 -->
    </test> <!-- Default test -->
  </suite> <!-- Default suite -->
</testng-results>
